<?xml version="1.0" encoding="UTF-8"?>
<!-- Generated by org.testng.reporters.JUnitReportReporter -->
<testsuite skipped="0" hostname="AlokSingh" name="tests.TestLandingPage" tests="4" failures="0" timestamp="13 Jan 2019 12:51:19 GMT" time="97.812" errors="0">
  <testcase name="testNavigateToSignUpPage" time="25.909" classname="tests.TestLandingPage"/>
  <testcase name="testSignInPage" time="44.344" classname="tests.TestLandingPage"/>
  <testcase name="testFeaturesDetailsPages" time="15.754" classname="tests.TestLandingPage"/>
  <testcase name="testFeaturesDetailsPages" time="11.805" classname="tests.TestLandingPage"/>
</testsuite> <!-- tests.TestLandingPage -->
