<?xml version="1.0" encoding="UTF-8"?>
<!-- Generated by org.testng.reporters.JUnitReportReporter -->
<testsuite skipped="0" hostname="AlokSingh" name="tests.TestClass3" tests="13" failures="0" timestamp="13 Jan 2019 04:58:48 GMT" time="0.034" errors="0">
  <testcase name="testDataXML" time="0.001" classname="tests.TestClass3"/>
  <testcase name="testDataXML" time="0.018" classname="tests.TestClass3"/>
  <testcase name="testDataXML" time="0.000" classname="tests.TestClass3"/>
  <testcase name="testDataExcel" time="0.003" classname="tests.TestClass3"/>
  <testcase name="testDataExcel" time="0.004" classname="tests.TestClass3"/>
  <testcase name="testDataExcel" time="0.002" classname="tests.TestClass3"/>
  <testcase name="testDataExcel" time="0.001" classname="tests.TestClass3"/>
  <testcase name="testDataExcel" time="0.001" classname="tests.TestClass3"/>
  <testcase name="testDataExcel" time="0.001" classname="tests.TestClass3"/>
  <testcase name="testDataJSON" time="0.001" classname="tests.TestClass3"/>
  <testcase name="testDataJSON" time="0.001" classname="tests.TestClass3"/>
  <testcase name="testDataJSON" time="0.001" classname="tests.TestClass3"/>
  <testcase name="testDataJSON" time="0.000" classname="tests.TestClass3"/>
</testsuite> <!-- tests.TestClass3 -->
