<?xml version="1.0" encoding="UTF-8"?>
<!-- Generated by org.testng.reporters.JUnitReportReporter -->
<testsuite skipped="0" hostname="AlokSingh" name="tests.TestLandingPage" tests="2" failures="0" timestamp="13 Jan 2019 05:27:14 GMT" time="87.739" errors="0">
  <testcase name="testNavigateToSignUpPage" time="30.610" classname="tests.TestLandingPage"/>
  <testcase name="testNavigateToSignInPage" time="57.129" classname="tests.TestLandingPage"/>
</testsuite> <!-- tests.TestLandingPage -->
